INFO:dataset.datasets:======> data files: {'img': '../leftImg8bit/train/aachen/aachen_000000_000019_leftImg8bit.png', 'label': '../gtFine/train/aachen/aachen_000000_000019_gtFine_labelIds.png', 'name': 'aachen_000000_000019_gtFine_labelIds'} 
INFO:dataset.datasets:======> size (1024, 2048, 3) 
INFO:dataset.datasets:======> image size after scale: (72, 143, 3) 
INFO:dataset.datasets:======> pad_h: 440, pad_w: 369
INFO:dataset.datasets:======> img_h: 512, img_w: 512
INFO:dataset.datasets:======> h_off: 0, w_off: 0
INFO:dataset.datasets:======> image size after offset: (512, 512, 3) 
INFO:dataset.datasets:======> image size after transpose: (3, 512, 512) 
INFO:dataset.datasets:======> flip: 1 
INFO:dataset.datasets:======> image size after flip: (3, 512, 512) 
INFO:dataset.datasets:======> label size: (512, 512) 

INFO:dataset.datasets:======> image 
[[[ 95.99301   26.993011 100.99301  ...   0.         0.         0.      ]
  [ 94.99301   30.993011  94.99301  ...   0.         0.         0.      ]
  [ 92.99301   36.99301   92.99301  ...   0.         0.         0.      ]
  ...
  [  0.         0.         0.       ...   0.         0.         0.      ]
  [  0.         0.         0.       ...   0.         0.         0.      ]
  [  0.         0.         0.       ...   0.         0.         0.      ]]

 [[ 87.33123   15.33123   92.33123  ...   0.         0.         0.      ]
  [ 87.33123   25.33123   84.33123  ...   0.         0.         0.      ]
  [ 82.33123   27.33123   84.33123  ...   0.         0.         0.      ]
  ...
  [  0.         0.         0.       ...   0.         0.         0.      ]
  [  0.         0.         0.       ...   0.         0.         0.      ]
  [  0.         0.         0.       ...   0.         0.         0.      ]]

 [[ 52.321083  -9.678917  58.321083 ...   0.         0.         0.      ]
  [ 50.321083  -6.678917  52.321083 ...   0.         0.         0.      ]
  [ 46.321083  -6.678917  49.321083 ...   0.         0.         0.      ]
  ...
  [  0.         0.         0.       ...   0.         0.         0.      ]
  [  0.         0.         0.       ...   0.         0.         0.      ]
  [  0.         0.         0.       ...   0.         0.         0.      ]]]
INFO:dataset.datasets:======> label 
[[255. 255. 255. ...   0.   0.   0.]
 [255.  10.   5. ...   0.   0.   0.]
 [255.  10.   5. ...   0.   0.   0.]
 ...
 [  0.   0.   0. ...   0.   0.   0.]
 [  0.   0.   0. ...   0.   0.   0.]
 [  0.   0.   0. ...   0.   0.   0.]]
