Files already downloaded and verified
1563
[1,   500] loss: 0.485
[1,  1000] loss: 0.422
[1,  1500] loss: 0.383
[2,   500] loss: 0.350
[2,  1000] loss: 0.321
[2,  1500] loss: 0.303
[3,   500] loss: 0.273
[3,  1000] loss: 0.258
[3,  1500] loss: 0.245
[4,   500] loss: 0.222
[4,  1000] loss: 0.215
[4,  1500] loss: 0.205
[5,   500] loss: 0.190
[5,  1000] loss: 0.185
[5,  1500] loss: 0.177
[6,   500] loss: 0.163
[6,  1000] loss: 0.159
[6,  1500] loss: 0.158
[7,   500] loss: 0.143
[7,  1000] loss: 0.143
[7,  1500] loss: 0.140
[8,   500] loss: 0.127
[8,  1000] loss: 0.127
[8,  1500] loss: 0.125
[9,   500] loss: 0.112
[9,  1000] loss: 0.113
[9,  1500] loss: 0.115
[10,   500] loss: 0.099
[10,  1000] loss: 0.100
[10,  1500] loss: 0.105
[11,   500] loss: 0.089
[11,  1000] loss: 0.090
[11,  1500] loss: 0.096
[12,   500] loss: 0.079
[12,  1000] loss: 0.083
[12,  1500] loss: 0.084
[13,   500] loss: 0.071
[13,  1000] loss: 0.075
[13,  1500] loss: 0.074
[14,   500] loss: 0.064
[14,  1000] loss: 0.069
[14,  1500] loss: 0.066
[15,   500] loss: 0.060
[15,  1000] loss: 0.061
[15,  1500] loss: 0.059
[16,   500] loss: 0.053
[16,  1000] loss: 0.053
[16,  1500] loss: 0.059
[17,   500] loss: 0.049
[17,  1000] loss: 0.049
[17,  1500] loss: 0.052
[18,   500] loss: 0.043
[18,  1000] loss: 0.044
[18,  1500] loss: 0.045
[19,   500] loss: 0.037
[19,  1000] loss: 0.041
[19,  1500] loss: 0.044
[20,   500] loss: 0.036
[20,  1000] loss: 0.039
[20,  1500] loss: 0.042
[21,   500] loss: 0.027
[21,  1000] loss: 0.035
[21,  1500] loss: 0.035
[22,   500] loss: 0.031
[22,  1000] loss: 0.032
[22,  1500] loss: 0.031
[23,   500] loss: 0.024
[23,  1000] loss: 0.030
[23,  1500] loss: 0.031
[24,   500] loss: 0.027
[24,  1000] loss: 0.024
[24,  1500] loss: 0.028
[25,   500] loss: 0.021
[25,  1000] loss: 0.023
[25,  1500] loss: 0.025
[26,   500] loss: 0.019
[26,  1000] loss: 0.021
[26,  1500] loss: 0.026
[27,   500] loss: 0.018
[27,  1000] loss: 0.020
[27,  1500] loss: 0.022
[28,   500] loss: 0.016
[28,  1000] loss: 0.020
[28,  1500] loss: 0.019
[29,   500] loss: 0.014
[29,  1000] loss: 0.014
[29,  1500] loss: 0.017
[30,   500] loss: 0.016
[30,  1000] loss: 0.016
[30,  1500] loss: 0.017
[31,   500] loss: 0.014
[31,  1000] loss: 0.014
[31,  1500] loss: 0.021
[32,   500] loss: 0.012
[32,  1000] loss: 0.014
[32,  1500] loss: 0.017
[33,   500] loss: 0.012
[33,  1000] loss: 0.017
[33,  1500] loss: 0.012
[34,   500] loss: 0.012
[34,  1000] loss: 0.011
[34,  1500] loss: 0.014
[35,   500] loss: 0.012
[35,  1000] loss: 0.010
[35,  1500] loss: 0.012
[36,   500] loss: 0.008
[36,  1000] loss: 0.012
[36,  1500] loss: 0.012
[37,   500] loss: 0.009
[37,  1000] loss: 0.010
[37,  1500] loss: 0.012
[38,   500] loss: 0.010
[38,  1000] loss: 0.012
[38,  1500] loss: 0.012
[39,   500] loss: 0.009
[39,  1000] loss: 0.008
[39,  1500] loss: 0.009
[40,   500] loss: 0.007
[40,  1000] loss: 0.008
[40,  1500] loss: 0.009
[41,   500] loss: 0.006
[41,  1000] loss: 0.009
[41,  1500] loss: 0.010
[42,   500] loss: 0.006
[42,  1000] loss: 0.008
[42,  1500] loss: 0.009
[43,   500] loss: 0.009
[43,  1000] loss: 0.009
[43,  1500] loss: 0.008
[44,   500] loss: 0.005
[44,  1000] loss: 0.005
[44,  1500] loss: 0.007
[45,   500] loss: 0.007
[45,  1000] loss: 0.006
[45,  1500] loss: 0.007
[46,   500] loss: 0.007
[46,  1000] loss: 0.007
[46,  1500] loss: 0.005
[47,   500] loss: 0.005
[47,  1000] loss: 0.005
[47,  1500] loss: 0.009
[48,   500] loss: 0.004
[48,  1000] loss: 0.005
[48,  1500] loss: 0.005
[49,   500] loss: 0.005
[49,  1000] loss: 0.006
[49,  1500] loss: 0.006
[50,   500] loss: 0.007
[50,  1000] loss: 0.006
[50,  1500] loss: 0.006
[51,   500] loss: 0.004
[51,  1000] loss: 0.007
[51,  1500] loss: 0.004
[52,   500] loss: 0.004
[52,  1000] loss: 0.004
[52,  1500] loss: 0.005
[53,   500] loss: 0.003
[53,  1000] loss: 0.004
[53,  1500] loss: 0.008
[54,   500] loss: 0.005
[54,  1000] loss: 0.006
[54,  1500] loss: 0.005
[55,   500] loss: 0.005
[55,  1000] loss: 0.005
[55,  1500] loss: 0.005
[56,   500] loss: 0.006
[56,  1000] loss: 0.006
[56,  1500] loss: 0.006
[57,   500] loss: 0.006
[57,  1000] loss: 0.004
[57,  1500] loss: 0.004
[58,   500] loss: 0.003
[58,  1000] loss: 0.003
[58,  1500] loss: 0.003
[59,   500] loss: 0.006
[59,  1000] loss: 0.007
[59,  1500] loss: 0.006
[60,   500] loss: 0.006
[60,  1000] loss: 0.006
[60,  1500] loss: 0.003
[61,   500] loss: 0.005
[61,  1000] loss: 0.005
[61,  1500] loss: 0.003
[62,   500] loss: 0.003
[62,  1000] loss: 0.003
[62,  1500] loss: 0.006
[63,   500] loss: 0.005
[63,  1000] loss: 0.004
[63,  1500] loss: 0.004
[64,   500] loss: 0.003
[64,  1000] loss: 0.006
[64,  1500] loss: 0.005
[65,   500] loss: 0.003
[65,  1000] loss: 0.001
[65,  1500] loss: 0.003
[66,   500] loss: 0.003
[66,  1000] loss: 0.003
[66,  1500] loss: 0.004
[67,   500] loss: 0.004
[67,  1000] loss: 0.002
[67,  1500] loss: 0.003
[68,   500] loss: 0.003
[68,  1000] loss: 0.005
[68,  1500] loss: 0.005
[69,   500] loss: 0.004
[69,  1000] loss: 0.004
[69,  1500] loss: 0.003
[70,   500] loss: 0.002
[70,  1000] loss: 0.002
[70,  1500] loss: 0.004
[71,   500] loss: 0.006
[71,  1000] loss: 0.002
[71,  1500] loss: 0.004
[72,   500] loss: 0.003
[72,  1000] loss: 0.003
[72,  1500] loss: 0.004
[73,   500] loss: 0.004
[73,  1000] loss: 0.002
[73,  1500] loss: 0.003
[74,   500] loss: 0.003
[74,  1000] loss: 0.002
[74,  1500] loss: 0.003
[75,   500] loss: 0.003
[75,  1000] loss: 0.003
[75,  1500] loss: 0.002
[76,   500] loss: 0.002
[76,  1000] loss: 0.002
[76,  1500] loss: 0.003
[77,   500] loss: 0.003
[77,  1000] loss: 0.004
[77,  1500] loss: 0.004
[78,   500] loss: 0.004
[78,  1000] loss: 0.003
[78,  1500] loss: 0.004
[79,   500] loss: 0.002
[79,  1000] loss: 0.003
[79,  1500] loss: 0.003
[80,   500] loss: 0.002
[80,  1000] loss: 0.001
[80,  1500] loss: 0.004
[81,   500] loss: 0.002
[81,  1000] loss: 0.001
[81,  1500] loss: 0.001
[82,   500] loss: 0.002
[82,  1000] loss: 0.002
[82,  1500] loss: 0.002
[83,   500] loss: 0.002
[83,  1000] loss: 0.004
[83,  1500] loss: 0.004
[84,   500] loss: 0.002
[84,  1000] loss: 0.002
[84,  1500] loss: 0.002
[85,   500] loss: 0.001
[85,  1000] loss: 0.003
[85,  1500] loss: 0.002
[86,   500] loss: 0.002
[86,  1000] loss: 0.002
[86,  1500] loss: 0.003
[87,   500] loss: 0.003
[87,  1000] loss: 0.003
[87,  1500] loss: 0.002
[88,   500] loss: 0.002
[88,  1000] loss: 0.002
[88,  1500] loss: 0.002
[89,   500] loss: 0.002
[89,  1000] loss: 0.002
[89,  1500] loss: 0.004
[90,   500] loss: 0.003
[90,  1000] loss: 0.003
[90,  1500] loss: 0.004
[91,   500] loss: 0.002
[91,  1000] loss: 0.003
[91,  1500] loss: 0.002
[92,   500] loss: 0.002
[92,  1000] loss: 0.002
[92,  1500] loss: 0.002
[93,   500] loss: 0.001
[93,  1000] loss: 0.002
[93,  1500] loss: 0.001
[94,   500] loss: 0.001
[94,  1000] loss: 0.001
[94,  1500] loss: 0.002
[95,   500] loss: 0.001
[95,  1000] loss: 0.002
[95,  1500] loss: 0.002
[96,   500] loss: 0.002
[96,  1000] loss: 0.001
[96,  1500] loss: 0.002
[97,   500] loss: 0.002
[97,  1000] loss: 0.002
[97,  1500] loss: 0.003
[98,   500] loss: 0.002
[98,  1000] loss: 0.003
[98,  1500] loss: 0.003
[99,   500] loss: 0.002
[99,  1000] loss: 0.002
[99,  1500] loss: 0.002
[100,   500] loss: 0.001
[100,  1000] loss: 0.001
[100,  1500] loss: 0.002
[101,   500] loss: 0.001
[101,  1000] loss: 0.001
[101,  1500] loss: 0.001
[102,   500] loss: 0.001
[102,  1000] loss: 0.001
[102,  1500] loss: 0.001
[103,   500] loss: 0.001
[103,  1000] loss: 0.001
[103,  1500] loss: 0.001
[104,   500] loss: 0.002
[104,  1000] loss: 0.003
[104,  1500] loss: 0.002
[105,   500] loss: 0.002
[105,  1000] loss: 0.002
[105,  1500] loss: 0.001
[106,   500] loss: 0.001
[106,  1000] loss: 0.001
[106,  1500] loss: 0.002
[107,   500] loss: 0.001
[107,  1000] loss: 0.001
[107,  1500] loss: 0.001
[108,   500] loss: 0.001
[108,  1000] loss: 0.001
[108,  1500] loss: 0.001
[109,   500] loss: 0.002
[109,  1000] loss: 0.002
[109,  1500] loss: 0.004
[110,   500] loss: 0.002
[110,  1000] loss: 0.002
[110,  1500] loss: 0.001
[111,   500] loss: 0.001
[111,  1000] loss: 0.001
[111,  1500] loss: 0.001
[112,   500] loss: 0.002
[112,  1000] loss: 0.001
[112,  1500] loss: 0.001
[113,   500] loss: 0.001
[113,  1000] loss: 0.001
[113,  1500] loss: 0.001
[114,   500] loss: 0.001
[114,  1000] loss: 0.001
[114,  1500] loss: 0.001
[115,   500] loss: 0.003
[115,  1000] loss: 0.002
[115,  1500] loss: 0.002
[116,   500] loss: 0.002
[116,  1000] loss: 0.002
[116,  1500] loss: 0.002
[117,   500] loss: 0.002
[117,  1000] loss: 0.001
[117,  1500] loss: 0.001
[118,   500] loss: 0.003
[118,  1000] loss: 0.002
[118,  1500] loss: 0.002
[119,   500] loss: 0.001
[119,  1000] loss: 0.002
[119,  1500] loss: 0.003
[120,   500] loss: 0.002
[120,  1000] loss: 0.001
[120,  1500] loss: 0.002
[121,   500] loss: 0.001
[121,  1000] loss: 0.001
[121,  1500] loss: 0.001
[122,   500] loss: 0.001
[122,  1000] loss: 0.001
[122,  1500] loss: 0.002
[123,   500] loss: 0.001
[123,  1000] loss: 0.002
[123,  1500] loss: 0.001
[124,   500] loss: 0.001
[124,  1000] loss: 0.000
[124,  1500] loss: 0.001
[125,   500] loss: 0.001
[125,  1000] loss: 0.001
[125,  1500] loss: 0.001
[126,   500] loss: 0.001
[126,  1000] loss: 0.003
[126,  1500] loss: 0.003
[127,   500] loss: 0.002
[127,  1000] loss: 0.002
[127,  1500] loss: 0.001
[128,   500] loss: 0.002
[128,  1000] loss: 0.001
[128,  1500] loss: 0.001
[129,   500] loss: 0.000
[129,  1000] loss: 0.001
[129,  1500] loss: 0.001
[130,   500] loss: 0.001
[130,  1000] loss: 0.001
[130,  1500] loss: 0.001
[131,   500] loss: 0.001
[131,  1000] loss: 0.000
[131,  1500] loss: 0.000
[132,   500] loss: 0.000
[132,  1000] loss: 0.000
[132,  1500] loss: 0.001
[133,   500] loss: 0.002
[133,  1000] loss: 0.002
[133,  1500] loss: 0.002
[134,   500] loss: 0.001
[134,  1000] loss: 0.001
[134,  1500] loss: 0.002
[135,   500] loss: 0.001
[135,  1000] loss: 0.003
[135,  1500] loss: 0.002
[136,   500] loss: 0.002
[136,  1000] loss: 0.002
[136,  1500] loss: 0.002
[137,   500] loss: 0.001
[137,  1000] loss: 0.002
[137,  1500] loss: 0.002
[138,   500] loss: 0.002
[138,  1000] loss: 0.002
[138,  1500] loss: 0.001
[139,   500] loss: 0.001
[139,  1000] loss: 0.001
[139,  1500] loss: 0.001
[140,   500] loss: 0.001
[140,  1000] loss: 0.001
[140,  1500] loss: 0.002
[141,   500] loss: 0.002
[141,  1000] loss: 0.001
[141,  1500] loss: 0.001
[142,   500] loss: 0.000
[142,  1000] loss: 0.001
[142,  1500] loss: 0.001
[143,   500] loss: 0.000
[143,  1000] loss: 0.001
[143,  1500] loss: 0.002
[144,   500] loss: 0.001
[144,  1000] loss: 0.001
[144,  1500] loss: 0.002
[145,   500] loss: 0.001
[145,  1000] loss: 0.001
[145,  1500] loss: 0.001
[146,   500] loss: 0.001
[146,  1000] loss: 0.002
[146,  1500] loss: 0.002
[147,   500] loss: 0.001
[147,  1000] loss: 0.001
[147,  1500] loss: 0.001
[148,   500] loss: 0.000
[148,  1000] loss: 0.001
[148,  1500] loss: 0.001
[149,   500] loss: 0.002
[149,  1000] loss: 0.002
[149,  1500] loss: 0.002
[150,   500] loss: 0.002
[150,  1000] loss: 0.003
[150,  1500] loss: 0.001
[151,   500] loss: 0.001
[151,  1000] loss: 0.001
[151,  1500] loss: 0.001
[152,   500] loss: 0.000
[152,  1000] loss: 0.001
[152,  1500] loss: 0.000
[153,   500] loss: 0.000
[153,  1000] loss: 0.000
[153,  1500] loss: 0.001
[154,   500] loss: 0.001
[154,  1000] loss: 0.001
[154,  1500] loss: 0.001
[155,   500] loss: 0.001
[155,  1000] loss: 0.001
[155,  1500] loss: 0.000
[156,   500] loss: 0.001
[156,  1000] loss: 0.000
[156,  1500] loss: 0.002
[157,   500] loss: 0.001
[157,  1000] loss: 0.001
[157,  1500] loss: 0.001
[158,   500] loss: 0.000
[158,  1000] loss: 0.001
[158,  1500] loss: 0.002
[159,   500] loss: 0.002
[159,  1000] loss: 0.001
[159,  1500] loss: 0.001
[160,   500] loss: 0.001
[160,  1000] loss: 0.001
[160,  1500] loss: 0.001
[161,   500] loss: 0.002
[161,  1000] loss: 0.001
[161,  1500] loss: 0.001
[162,   500] loss: 0.002
[162,  1000] loss: 0.002
[162,  1500] loss: 0.001
[163,   500] loss: 0.001
[163,  1000] loss: 0.000
[163,  1500] loss: 0.001
[164,   500] loss: 0.000
[164,  1000] loss: 0.001
[164,  1500] loss: 0.000
[165,   500] loss: 0.000
[165,  1000] loss: 0.001
[165,  1500] loss: 0.000
[166,   500] loss: 0.001
[166,  1000] loss: 0.001
[166,  1500] loss: 0.000
[167,   500] loss: 0.000
[167,  1000] loss: 0.000
[167,  1500] loss: 0.000
[168,   500] loss: 0.000
[168,  1000] loss: 0.000
[168,  1500] loss: 0.001
[169,   500] loss: 0.000
[169,  1000] loss: 0.001
[169,  1500] loss: 0.001
[170,   500] loss: 0.001
[170,  1000] loss: 0.000
[170,  1500] loss: 0.001
[171,   500] loss: 0.001
[171,  1000] loss: 0.001
[171,  1500] loss: 0.000
[172,   500] loss: 0.000
[172,  1000] loss: 0.002
[172,  1500] loss: 0.001
[173,   500] loss: 0.001
[173,  1000] loss: 0.001
[173,  1500] loss: 0.001
[174,   500] loss: 0.001
[174,  1000] loss: 0.001
[174,  1500] loss: 0.001
[175,   500] loss: 0.001
[175,  1000] loss: 0.001
[175,  1500] loss: 0.002
[176,   500] loss: 0.002
[176,  1000] loss: 0.001
[176,  1500] loss: 0.001
[177,   500] loss: 0.001
[177,  1000] loss: 0.001
[177,  1500] loss: 0.001
[178,   500] loss: 0.001
[178,  1000] loss: 0.001
[178,  1500] loss: 0.000
[179,   500] loss: 0.000
[179,  1000] loss: 0.001
[179,  1500] loss: 0.001
[180,   500] loss: 0.001
[180,  1000] loss: 0.001
[180,  1500] loss: 0.000
[181,   500] loss: 0.000
[181,  1000] loss: 0.001
[181,  1500] loss: 0.001
[182,   500] loss: 0.002
[182,  1000] loss: 0.001
[182,  1500] loss: 0.001
[183,   500] loss: 0.001
[183,  1000] loss: 0.001
[183,  1500] loss: 0.000
[184,   500] loss: 0.001
[184,  1000] loss: 0.000
[184,  1500] loss: 0.000
[185,   500] loss: 0.001
[185,  1000] loss: 0.000
[185,  1500] loss: 0.001
[186,   500] loss: 0.000
[186,  1000] loss: 0.000
[186,  1500] loss: 0.000
[187,   500] loss: 0.001
[187,  1000] loss: 0.001
[187,  1500] loss: 0.000
[188,   500] loss: 0.000
[188,  1000] loss: 0.001
[188,  1500] loss: 0.001
[189,   500] loss: 0.001
[189,  1000] loss: 0.000
[189,  1500] loss: 0.001
[190,   500] loss: 0.001
[190,  1000] loss: 0.001
[190,  1500] loss: 0.001
[191,   500] loss: 0.001
[191,  1000] loss: 0.000
[191,  1500] loss: 0.000
[192,   500] loss: 0.000
[192,  1000] loss: 0.000
[192,  1500] loss: 0.000
[193,   500] loss: 0.001
[193,  1000] loss: 0.001
[193,  1500] loss: 0.000
[194,   500] loss: 0.000
[194,  1000] loss: 0.000
[194,  1500] loss: 0.001
[195,   500] loss: 0.001
[195,  1000] loss: 0.001
[195,  1500] loss: 0.001
[196,   500] loss: 0.002
[196,  1000] loss: 0.002
[196,  1500] loss: 0.002
[197,   500] loss: 0.001
[197,  1000] loss: 0.001
[197,  1500] loss: 0.001
[198,   500] loss: 0.001
[198,  1000] loss: 0.000
[198,  1500] loss: 0.001
[199,   500] loss: 0.001
[199,  1000] loss: 0.000
[199,  1500] loss: 0.000
[200,   500] loss: 0.001
[200,  1000] loss: 0.002
[200,  1500] loss: 0.001
[201,   500] loss: 0.003
[201,  1000] loss: 0.002
[201,  1500] loss: 0.001
[202,   500] loss: 0.001
[202,  1000] loss: 0.001
[202,  1500] loss: 0.000
[203,   500] loss: 0.000
[203,  1000] loss: 0.001
[203,  1500] loss: 0.001
[204,   500] loss: 0.000
[204,  1000] loss: 0.001
[204,  1500] loss: 0.001
[205,   500] loss: 0.000
[205,  1000] loss: 0.001
[205,  1500] loss: 0.001
[206,   500] loss: 0.001
[206,  1000] loss: 0.001
[206,  1500] loss: 0.000
[207,   500] loss: 0.001
[207,  1000] loss: 0.000
[207,  1500] loss: 0.000
[208,   500] loss: 0.000
[208,  1000] loss: 0.000
[208,  1500] loss: 0.000
[209,   500] loss: 0.000
[209,  1000] loss: 0.000
[209,  1500] loss: 0.000
[210,   500] loss: 0.001
[210,  1000] loss: 0.001
[210,  1500] loss: 0.000
[211,   500] loss: 0.001
[211,  1000] loss: 0.001
[211,  1500] loss: 0.000
[212,   500] loss: 0.000
[212,  1000] loss: 0.000
[212,  1500] loss: 0.001
[213,   500] loss: 0.001
[213,  1000] loss: 0.001
[213,  1500] loss: 0.001
[214,   500] loss: 0.000
[214,  1000] loss: 0.000
[214,  1500] loss: 0.000
[215,   500] loss: 0.000
[215,  1000] loss: 0.000
[215,  1500] loss: 0.000
[216,   500] loss: 0.000
[216,  1000] loss: 0.000
[216,  1500] loss: 0.000
[217,   500] loss: 0.000
[217,  1000] loss: 0.000
[217,  1500] loss: 0.000
[218,   500] loss: 0.000
[218,  1000] loss: 0.001
[218,  1500] loss: 0.001
[219,   500] loss: 0.001
[219,  1000] loss: 0.001
[219,  1500] loss: 0.001
[220,   500] loss: 0.000
[220,  1000] loss: 0.001
[220,  1500] loss: 0.001
[221,   500] loss: 0.001
[221,  1000] loss: 0.004
[221,  1500] loss: 0.001
[222,   500] loss: 0.000
[222,  1000] loss: 0.001
[222,  1500] loss: 0.001
[223,   500] loss: 0.000
[223,  1000] loss: 0.000
[223,  1500] loss: 0.001
[224,   500] loss: 0.001
[224,  1000] loss: 0.000
[224,  1500] loss: 0.001
[225,   500] loss: 0.001
[225,  1000] loss: 0.001
[225,  1500] loss: 0.001
[226,   500] loss: 0.000
[226,  1000] loss: 0.001
[226,  1500] loss: 0.001
[227,   500] loss: 0.000
[227,  1000] loss: 0.000
[227,  1500] loss: 0.001
[228,   500] loss: 0.000
[228,  1000] loss: 0.000
[228,  1500] loss: 0.000
[229,   500] loss: 0.001
[229,  1000] loss: 0.000
[229,  1500] loss: 0.000
[230,   500] loss: 0.000
[230,  1000] loss: 0.000
[230,  1500] loss: 0.000
[231,   500] loss: 0.001
[231,  1000] loss: 0.000
[231,  1500] loss: 0.000
[232,   500] loss: 0.000
[232,  1000] loss: 0.001
[232,  1500] loss: 0.000
[233,   500] loss: 0.001
[233,  1000] loss: 0.000
[233,  1500] loss: 0.000
[234,   500] loss: 0.000
[234,  1000] loss: 0.000
[234,  1500] loss: 0.000
[235,   500] loss: 0.001
[235,  1000] loss: 0.002
[235,  1500] loss: 0.001
[236,   500] loss: 0.001
[236,  1000] loss: 0.001
[236,  1500] loss: 0.001
[237,   500] loss: 0.001
[237,  1000] loss: 0.001
[237,  1500] loss: 0.001
[238,   500] loss: 0.001
[238,  1000] loss: 0.001
[238,  1500] loss: 0.000
[239,   500] loss: 0.001
[239,  1000] loss: 0.000
[239,  1500] loss: 0.000
[240,   500] loss: 0.000
[240,  1000] loss: 0.000
[240,  1500] loss: 0.001
[241,   500] loss: 0.001
[241,  1000] loss: 0.000
[241,  1500] loss: 0.000
[242,   500] loss: 0.001
[242,  1000] loss: 0.000
[242,  1500] loss: 0.000
[243,   500] loss: 0.000
[243,  1000] loss: 0.000
[243,  1500] loss: 0.000
[244,   500] loss: 0.000
[244,  1000] loss: 0.000
[244,  1500] loss: 0.000
[245,   500] loss: 0.001
[245,  1000] loss: 0.001
[245,  1500] loss: 0.001
[246,   500] loss: 0.001
[246,  1000] loss: 0.000
[246,  1500] loss: 0.000
[247,   500] loss: 0.000
[247,  1000] loss: 0.000
[247,  1500] loss: 0.001
[248,   500] loss: 0.001
[248,  1000] loss: 0.001
[248,  1500] loss: 0.001
[249,   500] loss: 0.001
[249,  1000] loss: 0.000
[249,  1500] loss: 0.000
[250,   500] loss: 0.000
[250,  1000] loss: 0.000
[250,  1500] loss: 0.000
[251,   500] loss: 0.001
[251,  1000] loss: 0.001
[251,  1500] loss: 0.000
[252,   500] loss: 0.000
[252,  1000] loss: 0.001
[252,  1500] loss: 0.000
[253,   500] loss: 0.001
[253,  1000] loss: 0.001
[253,  1500] loss: 0.000
[254,   500] loss: 0.001
[254,  1000] loss: 0.000
[254,  1500] loss: 0.001
[255,   500] loss: 0.002
[255,  1000] loss: 0.001
[255,  1500] loss: 0.001
[256,   500] loss: 0.001
[256,  1000] loss: 0.001
[256,  1500] loss: 0.001
[257,   500] loss: 0.001
[257,  1000] loss: 0.000
[257,  1500] loss: 0.001
[258,   500] loss: 0.000
[258,  1000] loss: 0.000
[258,  1500] loss: 0.000
[259,   500] loss: 0.000
[259,  1000] loss: 0.000
[259,  1500] loss: 0.000
[260,   500] loss: 0.000
[260,  1000] loss: 0.000
[260,  1500] loss: 0.000
[261,   500] loss: 0.000
[261,  1000] loss: 0.000
[261,  1500] loss: 0.000
[262,   500] loss: 0.000
[262,  1000] loss: 0.000
[262,  1500] loss: 0.000
[263,   500] loss: 0.000
[263,  1000] loss: 0.001
[263,  1500] loss: 0.001
[264,   500] loss: 0.000
[264,  1000] loss: 0.000
[264,  1500] loss: 0.000
[265,   500] loss: 0.000
[265,  1000] loss: 0.000
[265,  1500] loss: 0.000
[266,   500] loss: 0.000
[266,  1000] loss: 0.000
[266,  1500] loss: 0.000
[267,   500] loss: 0.000
[267,  1000] loss: 0.000
[267,  1500] loss: 0.000
[268,   500] loss: 0.000
[268,  1000] loss: 0.001
[268,  1500] loss: 0.000
[269,   500] loss: 0.000
[269,  1000] loss: 0.001
[269,  1500] loss: 0.001
[270,   500] loss: 0.001
[270,  1000] loss: 0.001
[270,  1500] loss: 0.000
[271,   500] loss: 0.000
[271,  1000] loss: 0.000
[271,  1500] loss: 0.001
[272,   500] loss: 0.001
[272,  1000] loss: 0.000
[272,  1500] loss: 0.000
[273,   500] loss: 0.001
[273,  1000] loss: 0.000
[273,  1500] loss: 0.001
[274,   500] loss: 0.000
[274,  1000] loss: 0.000
[274,  1500] loss: 0.001
[275,   500] loss: 0.000
[275,  1000] loss: 0.001
[275,  1500] loss: 0.001
[276,   500] loss: 0.001
[276,  1000] loss: 0.002
[276,  1500] loss: 0.001
[277,   500] loss: 0.000
[277,  1000] loss: 0.001
[277,  1500] loss: 0.001
[278,   500] loss: 0.000
[278,  1000] loss: 0.000
[278,  1500] loss: 0.001
[279,   500] loss: 0.001
[279,  1000] loss: 0.000
[279,  1500] loss: 0.000
[280,   500] loss: 0.000
[280,  1000] loss: 0.000
[280,  1500] loss: 0.000
[281,   500] loss: 0.000
[281,  1000] loss: 0.000
[281,  1500] loss: 0.000
[282,   500] loss: 0.000
[282,  1000] loss: 0.000
[282,  1500] loss: 0.001
[283,   500] loss: 0.000
[283,  1000] loss: 0.000
[283,  1500] loss: 0.000
[284,   500] loss: 0.000
[284,  1000] loss: 0.000
[284,  1500] loss: 0.000
[285,   500] loss: 0.000
[285,  1000] loss: 0.000
[285,  1500] loss: 0.000
[286,   500] loss: 0.001
[286,  1000] loss: 0.001
[286,  1500] loss: 0.000
[287,   500] loss: 0.000
[287,  1000] loss: 0.000
[287,  1500] loss: 0.001
[288,   500] loss: 0.000
[288,  1000] loss: 0.000
[288,  1500] loss: 0.000
[289,   500] loss: 0.001
[289,  1000] loss: 0.001
[289,  1500] loss: 0.001
[290,   500] loss: 0.001
[290,  1000] loss: 0.001
[290,  1500] loss: 0.000
[291,   500] loss: 0.000
[291,  1000] loss: 0.000
[291,  1500] loss: 0.000
[292,   500] loss: 0.001
[292,  1000] loss: 0.001
[292,  1500] loss: 0.001
[293,   500] loss: 0.001
[293,  1000] loss: 0.001
[293,  1500] loss: 0.001
[294,   500] loss: 0.001
[294,  1000] loss: 0.001
[294,  1500] loss: 0.000
[295,   500] loss: 0.000
[295,  1000] loss: 0.000
[295,  1500] loss: 0.000
[296,   500] loss: 0.000
[296,  1000] loss: 0.000
[296,  1500] loss: 0.000
[297,   500] loss: 0.000
[297,  1000] loss: 0.000
[297,  1500] loss: 0.000
[298,   500] loss: 0.000
[298,  1000] loss: 0.000
[298,  1500] loss: 0.000
[299,   500] loss: 0.000
[299,  1000] loss: 0.000
[299,  1500] loss: 0.001
[300,   500] loss: 0.001
[300,  1000] loss: 0.001
[300,  1500] loss: 0.001
Finished Training
